# JRE version: Java(TM) SE Runtime Environment (8.0_25-b18) (build 1.8.0_25-b18)
# Java VM: Java HotSpot(TM) 64-Bit Server VM (25.25-b02 mixed mode windows-amd64 compressed oops)
Heap:
 PSYoungGen      total 199680K, used 143846K [0x00000000ec380000, 0x00000000fa000000, 0x0000000100000000)
  eden space 182784K, 69% used [0x00000000ec380000,0x00000000f3f7cba8,0x00000000f7600000)
  from space 16896K, 99% used [0x00000000f8f80000,0x00000000f9ffcf60,0x00000000fa000000)
  to   space 16896K, 0% used [0x00000000f7600000,0x00000000f7600000,0x00000000f8680000)
 ParOldGen       total 110592K, used 39329K [0x00000000c4a00000, 0x00000000cb600000, 0x00000000ec380000)
  object space 110592K, 35% used [0x00000000c4a00000,0x00000000c7068530,0x00000000cb600000)
 Metaspace       used 70935K, capacity 72246K, committed 72448K, reserved 1114112K
  class space    used 7880K, capacity 8144K, committed 8192K, reserved 1048576K
GC Heap History (10 events):
Event: 3151.174 GC heap before
{Heap before GC invocations=127 (full 5):
 PSYoungGen      total 188928K, used 14192K [0x00000000ec380000, 0x00000000f9180000, 0x0000000100000000)
  eden space 173056K, 0% used [0x00000000ec380000,0x00000000ec380000,0x00000000f6c80000)
  from space 15872K, 89% used [0x00000000f7e00000,0x00000000f8bdc0b0,0x00000000f8d80000)
  to   space 17920K, 0% used [0x00000000f6c80000,0x00000000f6c80000,0x00000000f7e00000)
 ParOldGen       total 110592K, used 55115K [0x00000000c4a00000, 0x00000000cb600000, 0x00000000ec380000)
  object space 110592K, 49% used [0x00000000c4a00000,0x00000000c7fd2dd0,0x00000000cb600000)
 Metaspace       used 66813K, capacity 68072K, committed 68224K, reserved 1110016K
  class space    used 7568K, capacity 7808K, committed 7808K, reserved 1048576K
Event: 3151.573 GC heap after
Heap after GC invocations=127 (full 5):
 PSYoungGen      total 188928K, used 0K [0x00000000ec380000, 0x00000000f9180000, 0x0000000100000000)
  eden space 173056K, 0% used [0x00000000ec380000,0x00000000ec380000,0x00000000f6c80000)
  from space 15872K, 0% used [0x00000000f7e00000,0x00000000f7e00000,0x00000000f8d80000)
  to   space 17920K, 0% used [0x00000000f6c80000,0x00000000f6c80000,0x00000000f7e00000)
 ParOldGen       total 110592K, used 30940K [0x00000000c4a00000, 0x00000000cb600000, 0x00000000ec380000)
  object space 110592K, 27% used [0x00000000c4a00000,0x00000000c6837280,0x00000000cb600000)
 Metaspace       used 66646K, capacity 67802K, committed 68224K, reserved 1110016K
  class space    used 7543K, capacity 7762K, committed 7808K, reserved 1048576K
}
Event: 3158.588 GC heap before
{Heap before GC invocations=128 (full 5):
 PSYoungGen      total 188928K, used 173056K [0x00000000ec380000, 0x00000000f9180000, 0x0000000100000000)
  eden space 173056K, 100% used [0x00000000ec380000,0x00000000f6c80000,0x00000000f6c80000)
  from space 15872K, 0% used [0x00000000f7e00000,0x00000000f7e00000,0x00000000f8d80000)
  to   space 17920K, 0% used [0x00000000f6c80000,0x00000000f6c80000,0x00000000f7e00000)
 ParOldGen       total 110592K, used 30940K [0x00000000c4a00000, 0x00000000cb600000, 0x00000000ec380000)
  object space 110592K, 27% used [0x00000000c4a00000,0x00000000c6837280,0x00000000cb600000)
 Metaspace       used 67053K, capacity 68234K, committed 68608K, reserved 1110016K
  class space    used 7608K, capacity 7838K, committed 7936K, reserved 1048576K
Event: 3158.600 GC heap after
Heap after GC invocations=128 (full 5):
 PSYoungGen      total 190976K, used 8422K [0x00000000ec380000, 0x00000000f9a80000, 0x0000000100000000)
  eden space 173056K, 0% used [0x00000000ec380000,0x00000000ec380000,0x00000000f6c80000)
  from space 17920K, 47% used [0x00000000f6c80000,0x00000000f74b9a60,0x00000000f7e00000)
  to   space 17920K, 0% used [0x00000000f8900000,0x00000000f8900000,0x00000000f9a80000)
 ParOldGen       total 110592K, used 30948K [0x00000000c4a00000, 0x00000000cb600000, 0x00000000ec380000)
  object space 110592K, 27% used [0x00000000c4a00000,0x00000000c6839280,0x00000000cb600000)
 Metaspace       used 67053K, capacity 68234K, committed 68608K, reserved 1110016K
  class space    used 7608K, capacity 7838K, committed 7936K, reserved 1048576K
}
Event: 3160.870 GC heap before
{Heap before GC invocations=129 (full 5):
 PSYoungGen      total 190976K, used 181478K [0x00000000ec380000, 0x00000000f9a80000, 0x0000000100000000)
  eden space 173056K, 100% used [0x00000000ec380000,0x00000000f6c80000,0x00000000f6c80000)
  from space 17920K, 47% used [0x00000000f6c80000,0x00000000f74b9a60,0x00000000f7e00000)
  to   space 17920K, 0% used [0x00000000f8900000,0x00000000f8900000,0x00000000f9a80000)
 ParOldGen       total 110592K, used 30948K [0x00000000c4a00000, 0x00000000cb600000, 0x00000000ec380000)
  object space 110592K, 27% used [0x00000000c4a00000,0x00000000c6839280,0x00000000cb600000)
 Metaspace       used 67132K, capacity 68330K, committed 68608K, reserved 1110016K
  class space    used 7628K, capacity 7870K, committed 7936K, reserved 1048576K
Event: 3160.878 GC heap after
Heap after GC invocations=129 (full 5):
 PSYoungGen      total 197120K, used 5746K [0x00000000ec380000, 0x00000000f9700000, 0x0000000100000000)
  eden space 182784K, 0% used [0x00000000ec380000,0x00000000ec380000,0x00000000f7600000)
  from space 14336K, 40% used [0x00000000f8900000,0x00000000f8e9c8a0,0x00000000f9700000)
  to   space 16896K, 0% used [0x00000000f7600000,0x00000000f7600000,0x00000000f8680000)
 ParOldGen       total 110592K, used 30956K [0x00000000c4a00000, 0x00000000cb600000, 0x00000000ec380000)
  object space 110592K, 27% used [0x00000000c4a00000,0x00000000c683b280,0x00000000cb600000)
 Metaspace       used 67132K, capacity 68330K, committed 68608K, reserved 1110016K
  class space    used 7628K, capacity 7870K, committed 7936K, reserved 1048576K
}
Event: 3162.194 GC heap before
{Heap before GC invocations=130 (full 5):
 PSYoungGen      total 197120K, used 188530K [0x00000000ec380000, 0x00000000f9700000, 0x0000000100000000)
  eden space 182784K, 100% used [0x00000000ec380000,0x00000000f7600000,0x00000000f7600000)
  from space 14336K, 40% used [0x00000000f8900000,0x00000000f8e9c8a0,0x00000000f9700000)
  to   space 16896K, 0% used [0x00000000f7600000,0x00000000f7600000,0x00000000f8680000)
 ParOldGen       total 110592K, used 30956K [0x00000000c4a00000, 0x00000000cb600000, 0x00000000ec380000)
  object space 110592K, 27% used [0x00000000c4a00000,0x00000000c683b280,0x00000000cb600000)
 Metaspace       used 67247K, capacity 68438K, committed 68992K, reserved 1110016K
  class space    used 7651K, capacity 7904K, committed 8064K, reserved 1048576K
Event: 3162.204 GC heap after
Heap after GC invocations=130 (full 5):
 PSYoungGen      total 199680K, used 8975K [0x00000000ec380000, 0x00000000fa000000, 0x0000000100000000)
  eden space 182784K, 0% used [0x00000000ec380000,0x00000000ec380000,0x00000000f7600000)
  from space 16896K, 53% used [0x00000000f7600000,0x00000000f7ec3e80,0x00000000f8680000)
  to   space 16896K, 0% used [0x00000000f8f80000,0x00000000f8f80000,0x00000000fa000000)
 ParOldGen       total 110592K, used 30964K [0x00000000c4a00000, 0x00000000cb600000, 0x00000000ec380000)
  object space 110592K, 27% used [0x00000000c4a00000,0x00000000c683d280,0x00000000cb600000)
 Metaspace       used 67247K, capacity 68438K, committed 68992K, reserved 1110016K
  class space    used 7651K, capacity 7904K, committed 8064K, reserved 1048576K
}
Event: 3171.209 GC heap before
{Heap before GC invocations=131 (full 5):
 PSYoungGen      total 199680K, used 191759K [0x00000000ec380000, 0x00000000fa000000, 0x0000000100000000)
  eden space 182784K, 100% used [0x00000000ec380000,0x00000000f7600000,0x00000000f7600000)
  from space 16896K, 53% used [0x00000000f7600000,0x00000000f7ec3e80,0x00000000f8680000)
  to   space 16896K, 0% used [0x00000000f8f80000,0x00000000f8f80000,0x00000000fa000000)
 ParOldGen       total 110592K, used 30964K [0x00000000c4a00000, 0x00000000cb600000, 0x00000000ec380000)
  object space 110592K, 27% used [0x00000000c4a00000,0x00000000c683d280,0x00000000cb600000)
 Metaspace       used 68877K, capacity 70108K, committed 70272K, reserved 1112064K
  class space    used 7773K, capacity 8017K, committed 8064K, reserved 1048576K
Event: 3171.263 GC heap after
Heap after GC invocations=131 (full 5):
 PSYoungGen      total 199680K, used 16883K [0x00000000ec380000, 0x00000000fa000000, 0x0000000100000000)
  eden space 182784K, 0% used [0x00000000ec380000,0x00000000ec380000,0x00000000f7600000)
  from space 16896K, 99% used [0x00000000f8f80000,0x00000000f9ffcf60,0x00000000fa000000)
  to   space 16896K, 0% used [0x00000000f7600000,0x00000000f7600000,0x00000000f8680000)
 ParOldGen       total 110592K, used 39329K [0x00000000c4a00000, 0x00000000cb600000, 0x00000000ec380000)
  object space 110592K, 35% used [0x00000000c4a00000,0x00000000c7068530,0x00000000cb600000)
 Metaspace       used 68877K, capacity 70108K, committed 70272K, reserved 1112064K
  class space    used 7773K, capacity 8017K, committed 8064K, reserved 1048576K
}

